<?xml version="1.0" encoding="UTF-8"?>
<testsuite xmlns:xsi="http://www.w3.org/2001/XMLSchema-instance" xsi:noNamespaceSchemaLocation="https://maven.apache.org/surefire/maven-surefire-plugin/xsd/surefire-test-report.xsd" name="restfullbooker.getbooking.GetBookingRunner" time="4.798" tests="1" errors="1" skipped="0" failures="0">
  <properties>
[...]
</properties>
  <testcase name="[1:9] Verificar petición correcta con una reserva id reciba cod 200" classname="[GetBooking] Get Booking" time="3.45">
    <error message="GetBooking.feature:15 - assert evaluated to false: SchemaUtils.isValid(response, schema)" type="com.intuit.karate.exception.KarateException">com.intuit.karate.exception.KarateException: GetBooking.feature:15 - assert evaluated to false: SchemaUtils.isValid(response, schema)
</error>
    <system-out><![CDATA[23:08:58.412 [main] DEBUG com.jayway.jsonpath.internal.path.CompiledPath - Evaluating path: $
23:08:58.456 [main] DEBUG com.jayway.jsonpath.internal.path.CompiledPath - Evaluating path: $
23:08:58.456 [main] DEBUG com.jayway.jsonpath.internal.path.CompiledPath - Evaluating path: $
23:08:59.123 [main] DEBUG org.apache.http.client.protocol.RequestAddCookies - CookieSpec selected: karate
23:08:59.134 [main] DEBUG org.apache.http.client.protocol.RequestAuthCache - Auth cache not set in the context
23:08:59.136 [main] DEBUG com.intuit.karate - request:
1 > GET https://restful-booker.herokuapp.com/booking/5
1 > Accept: application/json
1 > Accept-Encoding: gzip,deflate
1 > Connection: Keep-Alive
1 > Host: restful-booker.herokuapp.com
1 > User-Agent: Apache-HttpClient/4.5.11 (Java/1.8.0_251)

23:08:59.137 [main] DEBUG org.apache.http.impl.conn.PoolingHttpClientConnectionManager - Connection request: [route: {s}->https://restful-booker.herokuapp.com:443][total available: 0; route allocated: 0 of 5; total allocated: 0 of 10]
23:08:59.151 [main] DEBUG org.apache.http.impl.conn.PoolingHttpClientConnectionManager - Connection leased: [id: 0][route: {s}->https://restful-booker.herokuapp.com:443][total available: 0; route allocated: 1 of 5; total allocated: 1 of 10]
23:08:59.153 [main] DEBUG org.apache.http.impl.execchain.MainClientExec - Opening connection {s}->https://restful-booker.herokuapp.com:443
23:08:59.259 [main] DEBUG org.apache.http.impl.conn.DefaultHttpClientConnectionOperator - Connecting to restful-booker.herokuapp.com/3.212.104.174:443
23:08:59.260 [main] DEBUG org.apache.http.conn.ssl.SSLConnectionSocketFactory - Connecting socket to restful-booker.herokuapp.com/3.212.104.174:443 with timeout 60000
23:08:59.428 [main] DEBUG org.apache.http.conn.ssl.SSLConnectionSocketFactory - Enabled protocols: [TLSv1, TLSv1.1, TLSv1.2]
23:08:59.428 [main] DEBUG org.apache.http.conn.ssl.SSLConnectionSocketFactory - Enabled cipher suites:[TLS_ECDHE_ECDSA_WITH_AES_256_CBC_SHA384, TLS_ECDHE_RSA_WITH_AES_256_CBC_SHA384, TLS_RSA_WITH_AES_256_CBC_SHA256, TLS_ECDH_ECDSA_WITH_AES_256_CBC_SHA384, TLS_ECDH_RSA_WITH_AES_256_CBC_SHA384, TLS_DHE_RSA_WITH_AES_256_CBC_SHA256, TLS_DHE_DSS_WITH_AES_256_CBC_SHA256, TLS_ECDHE_ECDSA_WITH_AES_256_CBC_SHA, TLS_ECDHE_RSA_WITH_AES_256_CBC_SHA, TLS_RSA_WITH_AES_256_CBC_SHA, TLS_ECDH_ECDSA_WITH_AES_256_CBC_SHA, TLS_ECDH_RSA_WITH_AES_256_CBC_SHA, TLS_DHE_RSA_WITH_AES_256_CBC_SHA, TLS_DHE_DSS_WITH_AES_256_CBC_SHA, TLS_ECDHE_ECDSA_WITH_AES_128_CBC_SHA256, TLS_ECDHE_RSA_WITH_AES_128_CBC_SHA256, TLS_RSA_WITH_AES_128_CBC_SHA256, TLS_ECDH_ECDSA_WITH_AES_128_CBC_SHA256, TLS_ECDH_RSA_WITH_AES_128_CBC_SHA256, TLS_DHE_RSA_WITH_AES_128_CBC_SHA256, TLS_DHE_DSS_WITH_AES_128_CBC_SHA256, TLS_ECDHE_ECDSA_WITH_AES_128_CBC_SHA, TLS_ECDHE_RSA_WITH_AES_128_CBC_SHA, TLS_RSA_WITH_AES_128_CBC_SHA, TLS_ECDH_ECDSA_WITH_AES_128_CBC_SHA, TLS_ECDH_RSA_WITH_AES_128_CBC_SHA, TLS_DHE_RSA_WITH_AES_128_CBC_SHA, TLS_DHE_DSS_WITH_AES_128_CBC_SHA, TLS_ECDHE_ECDSA_WITH_AES_256_GCM_SHA384, TLS_ECDHE_ECDSA_WITH_AES_128_GCM_SHA256, TLS_ECDHE_RSA_WITH_AES_256_GCM_SHA384, TLS_RSA_WITH_AES_256_GCM_SHA384, TLS_ECDH_ECDSA_WITH_AES_256_GCM_SHA384, TLS_ECDH_RSA_WITH_AES_256_GCM_SHA384, TLS_DHE_RSA_WITH_AES_256_GCM_SHA384, TLS_DHE_DSS_WITH_AES_256_GCM_SHA384, TLS_ECDHE_RSA_WITH_AES_128_GCM_SHA256, TLS_RSA_WITH_AES_128_GCM_SHA256, TLS_ECDH_ECDSA_WITH_AES_128_GCM_SHA256, TLS_ECDH_RSA_WITH_AES_128_GCM_SHA256, TLS_DHE_RSA_WITH_AES_128_GCM_SHA256, TLS_DHE_DSS_WITH_AES_128_GCM_SHA256, TLS_EMPTY_RENEGOTIATION_INFO_SCSV]
23:08:59.429 [main] DEBUG org.apache.http.conn.ssl.SSLConnectionSocketFactory - Starting handshake
23:08:59.737 [main] DEBUG org.apache.http.conn.ssl.SSLConnectionSocketFactory - Secure session established
23:08:59.738 [main] DEBUG org.apache.http.conn.ssl.SSLConnectionSocketFactory -  negotiated protocol: TLSv1.2
23:08:59.738 [main] DEBUG org.apache.http.conn.ssl.SSLConnectionSocketFactory -  negotiated cipher suite: TLS_ECDHE_RSA_WITH_AES_128_GCM_SHA256
23:08:59.739 [main] DEBUG org.apache.http.conn.ssl.SSLConnectionSocketFactory -  peer principal: CN=*.herokuapp.com, O="Heroku, Inc.", L=San Francisco, ST=California, C=US
23:08:59.739 [main] DEBUG org.apache.http.conn.ssl.SSLConnectionSocketFactory -  peer alternative names: [*.herokuapp.com, herokuapp.com]
23:08:59.740 [main] DEBUG org.apache.http.conn.ssl.SSLConnectionSocketFactory -  issuer principal: CN=DigiCert SHA2 High Assurance Server CA, OU=www.digicert.com, O=DigiCert Inc, C=US
23:08:59.750 [main] DEBUG org.apache.http.impl.conn.DefaultHttpClientConnectionOperator - Connection established 192.168.1.6:60176<->3.212.104.174:443
23:08:59.751 [main] DEBUG org.apache.http.impl.conn.DefaultManagedHttpClientConnection - http-outgoing-0: set socket timeout to 60000
23:08:59.751 [main] DEBUG org.apache.http.impl.execchain.MainClientExec - Executing request GET /booking/5 HTTP/1.1
23:08:59.752 [main] DEBUG org.apache.http.impl.execchain.MainClientExec - Target auth state: UNCHALLENGED
23:08:59.753 [main] DEBUG org.apache.http.impl.execchain.MainClientExec - Proxy auth state: UNCHALLENGED
23:08:59.757 [main] DEBUG org.apache.http.headers - http-outgoing-0 >> GET /booking/5 HTTP/1.1
23:08:59.757 [main] DEBUG org.apache.http.headers - http-outgoing-0 >> Accept: application/json
23:08:59.757 [main] DEBUG org.apache.http.headers - http-outgoing-0 >> Host: restful-booker.herokuapp.com
23:08:59.758 [main] DEBUG org.apache.http.headers - http-outgoing-0 >> Connection: Keep-Alive
23:08:59.758 [main] DEBUG org.apache.http.headers - http-outgoing-0 >> User-Agent: Apache-HttpClient/4.5.11 (Java/1.8.0_251)
23:08:59.758 [main] DEBUG org.apache.http.headers - http-outgoing-0 >> Accept-Encoding: gzip,deflate
23:08:59.758 [main] DEBUG org.apache.http.wire - http-outgoing-0 >> "GET /booking/5 HTTP/1.1[\r][\n]"
23:08:59.759 [main] DEBUG org.apache.http.wire - http-outgoing-0 >> "Accept: application/json[\r][\n]"
23:08:59.759 [main] DEBUG org.apache.http.wire - http-outgoing-0 >> "Host: restful-booker.herokuapp.com[\r][\n]"
23:08:59.759 [main] DEBUG org.apache.http.wire - http-outgoing-0 >> "Connection: Keep-Alive[\r][\n]"
23:08:59.759 [main] DEBUG org.apache.http.wire - http-outgoing-0 >> "User-Agent: Apache-HttpClient/4.5.11 (Java/1.8.0_251)[\r][\n]"
23:08:59.759 [main] DEBUG org.apache.http.wire - http-outgoing-0 >> "Accept-Encoding: gzip,deflate[\r][\n]"
23:08:59.759 [main] DEBUG org.apache.http.wire - http-outgoing-0 >> "[\r][\n]"
23:08:59.866 [main] DEBUG org.apache.http.wire - http-outgoing-0 << "HTTP/1.1 200 OK[\r][\n]"
23:08:59.866 [main] DEBUG org.apache.http.wire - http-outgoing-0 << "Server: Cowboy[\r][\n]"
23:08:59.866 [main] DEBUG org.apache.http.wire - http-outgoing-0 << "Connection: keep-alive[\r][\n]"
23:08:59.866 [main] DEBUG org.apache.http.wire - http-outgoing-0 << "X-Powered-By: Express[\r][\n]"
23:08:59.866 [main] DEBUG org.apache.http.wire - http-outgoing-0 << "Content-Type: application/json; charset=utf-8[\r][\n]"
23:08:59.866 [main] DEBUG org.apache.http.wire - http-outgoing-0 << "Content-Length: 141[\r][\n]"
23:08:59.866 [main] DEBUG org.apache.http.wire - http-outgoing-0 << "Etag: W/"8d-l1snxdJUWkiICz01TiGVB36u7MQ"[\r][\n]"
23:08:59.867 [main] DEBUG org.apache.http.wire - http-outgoing-0 << "Date: Wed, 04 Nov 2020 04:08:59 GMT[\r][\n]"
23:08:59.867 [main] DEBUG org.apache.http.wire - http-outgoing-0 << "Via: 1.1 vegur[\r][\n]"
23:08:59.867 [main] DEBUG org.apache.http.wire - http-outgoing-0 << "[\r][\n]"
23:08:59.867 [main] DEBUG org.apache.http.wire - http-outgoing-0 << "{"firstname":"Susan","lastname":"Wilson","totalprice":442,"depositpaid":true,"bookingdates":{"checkin":"2018-07-14","checkout":"2020-03-08"}}"
23:08:59.870 [main] DEBUG org.apache.http.headers - http-outgoing-0 << HTTP/1.1 200 OK
23:08:59.870 [main] DEBUG org.apache.http.headers - http-outgoing-0 << Server: Cowboy
23:08:59.870 [main] DEBUG org.apache.http.headers - http-outgoing-0 << Connection: keep-alive
23:08:59.870 [main] DEBUG org.apache.http.headers - http-outgoing-0 << X-Powered-By: Express
23:08:59.870 [main] DEBUG org.apache.http.headers - http-outgoing-0 << Content-Type: application/json; charset=utf-8
23:08:59.870 [main] DEBUG org.apache.http.headers - http-outgoing-0 << Content-Length: 141
23:08:59.870 [main] DEBUG org.apache.http.headers - http-outgoing-0 << Etag: W/"8d-l1snxdJUWkiICz01TiGVB36u7MQ"
23:08:59.870 [main] DEBUG org.apache.http.headers - http-outgoing-0 << Date: Wed, 04 Nov 2020 04:08:59 GMT
23:08:59.870 [main] DEBUG org.apache.http.headers - http-outgoing-0 << Via: 1.1 vegur
23:08:59.874 [main] DEBUG org.apache.http.impl.execchain.MainClientExec - Connection can be kept alive indefinitely
23:08:59.879 [main] DEBUG org.apache.http.impl.conn.PoolingHttpClientConnectionManager - Connection [id: 0][route: {s}->https://restful-booker.herokuapp.com:443] can be kept alive indefinitely
23:08:59.879 [main] DEBUG org.apache.http.impl.conn.DefaultManagedHttpClientConnection - http-outgoing-0: set socket timeout to 0
23:08:59.879 [main] DEBUG org.apache.http.impl.conn.PoolingHttpClientConnectionManager - Connection released: [id: 0][route: {s}->https://restful-booker.herokuapp.com:443][total available: 1; route allocated: 1 of 5; total allocated: 1 of 10]
23:08:59.879 [main] DEBUG com.jayway.jsonpath.internal.path.CompiledPath - Evaluating path: $
23:08:59.880 [main] DEBUG com.intuit.karate - response time in milliseconds: 741.25
1 < 200
1 < Connection: keep-alive
1 < Content-Length: 141
1 < Content-Type: application/json; charset=utf-8
1 < Date: Wed, 04 Nov 2020 04:08:59 GMT
1 < Etag: W/"8d-l1snxdJUWkiICz01TiGVB36u7MQ"
1 < Server: Cowboy
1 < Via: 1.1 vegur
1 < X-Powered-By: Express
{
  "firstname": "Susan",
  "lastname": "Wilson",
  "totalprice": 442,
  "depositpaid": true,
  "bookingdates": {
    "checkin": "2018-07-14",
    "checkout": "2020-03-08"
  }
}


23:08:59.891 [main] DEBUG com.jayway.jsonpath.internal.path.CompiledPath - Evaluating path: $
23:09:00.954 [main] DEBUG com.intuit.karate.restfullbooker.util.SchemaUtils - report: com.github.fge.jsonschema.core.report.ListProcessingReport: failure
--- BEGIN MESSAGES ---
error: instance type (boolean) does not match any allowed primitive type (allowed: ["string"])
    level: "error"
    schema: {"loadingURI":"#","pointer":"/properties/depositpaid"}
    instance: {"pointer":"/depositpaid"}
    domain: "validation"
    keyword: "type"
    found: "boolean"
    expected: ["string"]
error: instance type (string) does not match any allowed primitive type (allowed: ["integer"])
    level: "error"
    schema: {"loadingURI":"#","pointer":"/properties/firstname"}
    instance: {"pointer":"/firstname"}
    domain: "validation"
    keyword: "type"
    found: "string"
    expected: ["integer"]
---  END MESSAGES  ---

23:09:00.956 [main] ERROR com.intuit.karate - assertion failed: assert evaluated to false: SchemaUtils.isValid(response, schema)
]]></system-out>
  </testcase>
</testsuite>